<?xml version="1.0" encoding="UTF-8"?>
<testsuite xmlns:xsi="http://www.w3.org/2001/XMLSchema-instance" xsi:noNamespaceSchemaLocation="https://maven.apache.org/surefire/maven-surefire-plugin/xsd/surefire-test-report.xsd" version="3.0.2" name="com.rockettrading.rocket_trading.architecture.TradingTddRoadmapTest" time="0.287" tests="0" errors="0" skipped="0" failures="0">
  <properties>
[...]
</properties>
  <testcase name="buildsReportingProjectionsOffAsynchronousEvents" classname="audit and reporting" time="0.0">
    <skipped message="Next TDD slice: reporting projections isolated from live trading"/>
  </testcase>
  <testcase name="recordsAnImmutableAuditTrail" classname="audit and reporting" time="0.0">
    <skipped message="Next TDD slice: immutable audit trail"/>
  </testcase>
  <testcase name="showsOnlyTheSignedInClientsData" classname="portfolio and history" time="0.0">
    <skipped message="Next TDD slice: client-scoped holdings, cash, and blotter views"/>
  </testcase>
  <testcase name="refreshesOrderStatusWithoutPageReload" classname="portfolio and history" time="0.0">
    <skipped message="Next TDD slice: live status refresh"/>
  </testcase>
  <testcase name="validatesOrdersBeforeAcceptance" classname="orders and execution" time="0.0">
    <skipped message="Next TDD slice: order validation against cash, holdings, and tradability"/>
  </testcase>
  <testcase name="updatesTheLedgerAtomicallyOnFill" classname="orders and execution" time="0.0">
    <skipped message="Next TDD slice: fill updates holdings, cash, and trade record together"/>
  </testcase>
  <testcase name="persistsAcceptedOrdersBeforeExecution" classname="orders and execution" time="0.0">
    <skipped message="Next TDD slice: accepted order persistence before execution"/>
  </testcase>
  <testcase name="expiresAndRevokesSessions" classname="identity and access" time="0.0">
    <skipped message="Next TDD slice: session expiry and revocation"/>
  </testcase>
  <testcase name="registersAndSignsInAClient" classname="identity and access" time="0.0">
    <skipped message="Next TDD slice: registration and secure sign-in"/>
  </testcase>
</testsuite>